# JRE version: OpenJDK Runtime Environment Homebrew (11.0.26) (build 11.0.26+0)
# Java VM: OpenJDK 64-Bit Server VM Homebrew (11.0.26+0, mixed mode, tiered, compressed oops, g1 gc, bsd-aarch64)
Heap:
 garbage-first heap   total 524288K, used 281259K [0x00000007a0000000, 0x00000007c0000000)
  region size 1024K, 120 young (122880K), 12 survivors (12288K)
 Metaspace       used 17764K, capacity 18122K, committed 18304K, reserved 1064960K
  class space    used 1779K, capacity 1903K, committed 1920K, reserved 1048576K
GC Heap History (20 events):
Event: 1.588 GC heap before
{Heap before GC invocations=13 (full 0):
 garbage-first heap   total 524288K, used 433648K [0x00000007a0000000, 0x00000007c0000000)
  region size 1024K, 249 young (254976K), 28 survivors (28672K)
 Metaspace       used 17424K, capacity 17800K, committed 18048K, reserved 1064960K
  class space    used 1766K, capacity 1903K, committed 1920K, reserved 1048576K
}
Event: 1.596 GC heap after
{Heap after GC invocations=14 (full 0):
 garbage-first heap   total 524288K, used 217367K [0x00000007a0000000, 0x00000007c0000000)
  region size 1024K, 25 young (25600K), 25 survivors (25600K)
 Metaspace       used 17424K, capacity 17800K, committed 18048K, reserved 1064960K
  class space    used 1766K, capacity 1903K, committed 1920K, reserved 1048576K
}
Event: 1.652 GC heap before
{Heap before GC invocations=14 (full 0):
 garbage-first heap   total 524288K, used 435479K [0x00000007a0000000, 0x00000007c0000000)
  region size 1024K, 240 young (245760K), 25 survivors (25600K)
 Metaspace       used 17424K, capacity 17800K, committed 18048K, reserved 1064960K
  class space    used 1766K, capacity 1903K, committed 1920K, reserved 1048576K
}
Event: 1.661 GC heap after
{Heap after GC invocations=15 (full 0):
 garbage-first heap   total 524288K, used 230095K [0x00000007a0000000, 0x00000007c0000000)
  region size 1024K, 24 young (24576K), 24 survivors (24576K)
 Metaspace       used 17424K, capacity 17800K, committed 18048K, reserved 1064960K
  class space    used 1766K, capacity 1903K, committed 1920K, reserved 1048576K
}
Event: 1.909 GC heap before
{Heap before GC invocations=15 (full 0):
 garbage-first heap   total 524288K, used 441039K [0x00000007a0000000, 0x00000007c0000000)
  region size 1024K, 228 young (233472K), 24 survivors (24576K)
 Metaspace       used 17758K, capacity 18122K, committed 18304K, reserved 1064960K
  class space    used 1779K, capacity 1903K, committed 1920K, reserved 1048576K
}
Event: 1.931 GC heap after
{Heap after GC invocations=16 (full 0):
 garbage-first heap   total 524288K, used 283642K [0x00000007a0000000, 0x00000007c0000000)
  region size 1024K, 29 young (29696K), 29 survivors (29696K)
 Metaspace       used 17758K, capacity 18122K, committed 18304K, reserved 1064960K
  class space    used 1779K, capacity 1903K, committed 1920K, reserved 1048576K
}
Event: 1.970 GC heap before
{Heap before GC invocations=16 (full 0):
 garbage-first heap   total 524288K, used 413690K [0x00000007a0000000, 0x00000007c0000000)
  region size 1024K, 157 young (160768K), 29 survivors (29696K)
 Metaspace       used 17761K, capacity 18122K, committed 18304K, reserved 1064960K
  class space    used 1779K, capacity 1903K, committed 1920K, reserved 1048576K
}
Event: 1.998 GC heap after
{Heap after GC invocations=17 (full 0):
 garbage-first heap   total 524288K, used 300032K [0x00000007a0000000, 0x00000007c0000000)
  region size 1024K, 14 young (14336K), 14 survivors (14336K)
 Metaspace       used 17761K, capacity 18122K, committed 18304K, reserved 1064960K
  class space    used 1779K, capacity 1903K, committed 1920K, reserved 1048576K
}
Event: 2.027 GC heap before
{Heap before GC invocations=17 (full 0):
 garbage-first heap   total 524288K, used 252928K [0x00000007a0000000, 0x00000007c0000000)
  region size 1024K, 139 young (142336K), 14 survivors (14336K)
 Metaspace       used 17764K, capacity 18122K, committed 18304K, reserved 1064960K
  class space    used 1779K, capacity 1903K, committed 1920K, reserved 1048576K
}
Event: 2.033 GC heap after
{Heap after GC invocations=18 (full 0):
 garbage-first heap   total 524288K, used 140156K [0x00000007a0000000, 0x00000007c0000000)
  region size 1024K, 15 young (15360K), 15 survivors (15360K)
 Metaspace       used 17764K, capacity 18122K, committed 18304K, reserved 1064960K
  class space    used 1779K, capacity 1903K, committed 1920K, reserved 1048576K
}
Event: 2.076 GC heap before
{Heap before GC invocations=19 (full 0):
 garbage-first heap   total 524288K, used 335740K [0x00000007a0000000, 0x00000007c0000000)
  region size 1024K, 208 young (212992K), 15 survivors (15360K)
 Metaspace       used 17764K, capacity 18122K, committed 18304K, reserved 1064960K
  class space    used 1779K, capacity 1903K, committed 1920K, reserved 1048576K
}
Event: 2.082 GC heap after
{Heap after GC invocations=20 (full 0):
 garbage-first heap   total 524288K, used 161048K [0x00000007a0000000, 0x00000007c0000000)
  region size 1024K, 22 young (22528K), 22 survivors (22528K)
 Metaspace       used 17764K, capacity 18122K, committed 18304K, reserved 1064960K
  class space    used 1779K, capacity 1903K, committed 1920K, reserved 1048576K
}
Event: 2.086 GC heap before
{Heap before GC invocations=20 (full 0):
 garbage-first heap   total 524288K, used 165144K [0x00000007a0000000, 0x00000007c0000000)
  region size 1024K, 28 young (28672K), 22 survivors (22528K)
 Metaspace       used 17764K, capacity 18122K, committed 18304K, reserved 1064960K
  class space    used 1779K, capacity 1903K, committed 1920K, reserved 1048576K
}
Event: 2.091 GC heap after
{Heap after GC invocations=21 (full 0):
 garbage-first heap   total 524288K, used 118411K [0x00000007a0000000, 0x00000007c0000000)
  region size 1024K, 4 young (4096K), 4 survivors (4096K)
 Metaspace       used 17764K, capacity 18122K, committed 18304K, reserved 1064960K
  class space    used 1779K, capacity 1903K, committed 1920K, reserved 1048576K
}
Event: 2.141 GC heap before
{Heap before GC invocations=21 (full 0):
 garbage-first heap   total 524288K, used 335499K [0x00000007a0000000, 0x00000007c0000000)
  region size 1024K, 217 young (222208K), 4 survivors (4096K)
 Metaspace       used 17764K, capacity 18122K, committed 18304K, reserved 1064960K
  class space    used 1779K, capacity 1903K, committed 1920K, reserved 1048576K
}
Event: 2.146 GC heap after
{Heap after GC invocations=22 (full 0):
 garbage-first heap   total 524288K, used 137814K [0x00000007a0000000, 0x00000007c0000000)
  region size 1024K, 22 young (22528K), 22 survivors (22528K)
 Metaspace       used 17764K, capacity 18122K, committed 18304K, reserved 1064960K
  class space    used 1779K, capacity 1903K, committed 1920K, reserved 1048576K
}
Event: 2.182 GC heap before
{Heap before GC invocations=22 (full 0):
 garbage-first heap   total 524288K, used 353878K [0x00000007a0000000, 0x00000007c0000000)
  region size 1024K, 234 young (239616K), 22 survivors (22528K)
 Metaspace       used 17764K, capacity 18122K, committed 18304K, reserved 1064960K
  class space    used 1779K, capacity 1903K, committed 1920K, reserved 1048576K
}
Event: 2.190 GC heap after
{Heap after GC invocations=23 (full 0):
 garbage-first heap   total 524288K, used 160222K [0x00000007a0000000, 0x00000007c0000000)
  region size 1024K, 22 young (22528K), 22 survivors (22528K)
 Metaspace       used 17764K, capacity 18122K, committed 18304K, reserved 1064960K
  class space    used 1779K, capacity 1903K, committed 1920K, reserved 1048576K
}
Event: 2.228 GC heap before
{Heap before GC invocations=23 (full 0):
 garbage-first heap   total 524288K, used 372190K [0x00000007a0000000, 0x00000007c0000000)
  region size 1024K, 231 young (236544K), 22 survivors (22528K)
 Metaspace       used 17764K, capacity 18122K, committed 18304K, reserved 1064960K
  class space    used 1779K, capacity 1903K, committed 1920K, reserved 1048576K
}
Event: 2.236 GC heap after
{Heap after GC invocations=24 (full 0):
 garbage-first heap   total 524288K, used 172715K [0x00000007a0000000, 0x00000007c0000000)
  region size 1024K, 12 young (12288K), 12 survivors (12288K)
 Metaspace       used 17764K, capacity 18122K, committed 18304K, reserved 1064960K
  class space    used 1779K, capacity 1903K, committed 1920K, reserved 1048576K
}

