# JRE version: OpenJDK Runtime Environment Homebrew (11.0.26) (build 11.0.26+0)
# Java VM: OpenJDK 64-Bit Server VM Homebrew (11.0.26+0, mixed mode, tiered, compressed oops, g1 gc, bsd-aarch64)
Heap:
 garbage-first heap   total 524288K, used 310513K [0x00000007a0000000, 0x00000007c0000000)
  region size 1024K, 139 young (142336K), 21 survivors (21504K)
 Metaspace       used 17734K, capacity 18122K, committed 18304K, reserved 1064960K
  class space    used 1779K, capacity 1903K, committed 1920K, reserved 1048576K
GC Heap History (20 events):
Event: 1.858 GC heap before
{Heap before GC invocations=19 (full 0):
 garbage-first heap   total 524288K, used 284672K [0x00000007a0000000, 0x00000007c0000000)
  region size 1024K, 44 young (45056K), 28 survivors (28672K)
 Metaspace       used 17730K, capacity 18122K, committed 18304K, reserved 1064960K
  class space    used 1779K, capacity 1903K, committed 1920K, reserved 1048576K
}
Event: 1.878 GC heap after
{Heap after GC invocations=20 (full 0):
 garbage-first heap   total 524288K, used 279040K [0x00000007a0000000, 0x00000007c0000000)
  region size 1024K, 7 young (7168K), 7 survivors (7168K)
 Metaspace       used 17730K, capacity 18122K, committed 18304K, reserved 1064960K
  class space    used 1779K, capacity 1903K, committed 1920K, reserved 1048576K
}
Event: 1.906 GC heap before
{Heap before GC invocations=21 (full 0):
 garbage-first heap   total 524288K, used 205312K [0x00000007a0000000, 0x00000007c0000000)
  region size 1024K, 97 young (99328K), 7 survivors (7168K)
 Metaspace       used 17733K, capacity 18122K, committed 18304K, reserved 1064960K
  class space    used 1779K, capacity 1903K, committed 1920K, reserved 1048576K
}
Event: 1.921 GC heap after
{Heap after GC invocations=22 (full 0):
 garbage-first heap   total 524288K, used 128512K [0x00000007a0000000, 0x00000007c0000000)
  region size 1024K, 12 young (12288K), 12 survivors (12288K)
 Metaspace       used 17733K, capacity 18122K, committed 18304K, reserved 1064960K
  class space    used 1779K, capacity 1903K, committed 1920K, reserved 1048576K
}
Event: 1.923 GC heap before
{Heap before GC invocations=22 (full 0):
 garbage-first heap   total 524288K, used 140800K [0x00000007a0000000, 0x00000007c0000000)
  region size 1024K, 25 young (25600K), 12 survivors (12288K)
 Metaspace       used 17733K, capacity 18122K, committed 18304K, reserved 1064960K
  class space    used 1779K, capacity 1903K, committed 1920K, reserved 1048576K
}
Event: 1.927 GC heap after
{Heap after GC invocations=23 (full 0):
 garbage-first heap   total 524288K, used 81344K [0x00000007a0000000, 0x00000007c0000000)
  region size 1024K, 3 young (3072K), 3 survivors (3072K)
 Metaspace       used 17733K, capacity 18122K, committed 18304K, reserved 1064960K
  class space    used 1779K, capacity 1903K, committed 1920K, reserved 1048576K
}
Event: 1.934 GC heap before
{Heap before GC invocations=23 (full 0):
 garbage-first heap   total 524288K, used 102848K [0x00000007a0000000, 0x00000007c0000000)
  region size 1024K, 26 young (26624K), 3 survivors (3072K)
 Metaspace       used 17733K, capacity 18122K, committed 18304K, reserved 1064960K
  class space    used 1779K, capacity 1903K, committed 1920K, reserved 1048576K
}
Event: 1.935 GC heap after
{Heap after GC invocations=24 (full 0):
 garbage-first heap   total 524288K, used 84311K [0x00000007a0000000, 0x00000007c0000000)
  region size 1024K, 4 young (4096K), 4 survivors (4096K)
 Metaspace       used 17733K, capacity 18122K, committed 18304K, reserved 1064960K
  class space    used 1779K, capacity 1903K, committed 1920K, reserved 1048576K
}
Event: 1.971 GC heap before
{Heap before GC invocations=24 (full 0):
 garbage-first heap   total 524288K, used 272727K [0x00000007a0000000, 0x00000007c0000000)
  region size 1024K, 189 young (193536K), 4 survivors (4096K)
 Metaspace       used 17734K, capacity 18122K, committed 18304K, reserved 1064960K
  class space    used 1779K, capacity 1903K, committed 1920K, reserved 1048576K
}
Event: 1.975 GC heap after
{Heap after GC invocations=25 (full 0):
 garbage-first heap   total 524288K, used 104659K [0x00000007a0000000, 0x00000007c0000000)
  region size 1024K, 24 young (24576K), 24 survivors (24576K)
 Metaspace       used 17734K, capacity 18122K, committed 18304K, reserved 1064960K
  class space    used 1779K, capacity 1903K, committed 1920K, reserved 1048576K
}
Event: 2.014 GC heap before
{Heap before GC invocations=25 (full 0):
 garbage-first heap   total 524288K, used 299219K [0x00000007a0000000, 0x00000007c0000000)
  region size 1024K, 215 young (220160K), 24 survivors (24576K)
 Metaspace       used 17734K, capacity 18122K, committed 18304K, reserved 1064960K
  class space    used 1779K, capacity 1903K, committed 1920K, reserved 1048576K
}
Event: 2.022 GC heap after
{Heap after GC invocations=26 (full 0):
 garbage-first heap   total 524288K, used 127235K [0x00000007a0000000, 0x00000007c0000000)
  region size 1024K, 23 young (23552K), 23 survivors (23552K)
 Metaspace       used 17734K, capacity 18122K, committed 18304K, reserved 1064960K
  class space    used 1779K, capacity 1903K, committed 1920K, reserved 1048576K
}
Event: 2.056 GC heap before
{Heap before GC invocations=26 (full 0):
 garbage-first heap   total 524288K, used 324867K [0x00000007a0000000, 0x00000007c0000000)
  region size 1024K, 217 young (222208K), 23 survivors (23552K)
 Metaspace       used 17734K, capacity 18122K, committed 18304K, reserved 1064960K
  class space    used 1779K, capacity 1903K, committed 1920K, reserved 1048576K
}
Event: 2.063 GC heap after
{Heap after GC invocations=27 (full 0):
 garbage-first heap   total 524288K, used 148624K [0x00000007a0000000, 0x00000007c0000000)
  region size 1024K, 20 young (20480K), 20 survivors (20480K)
 Metaspace       used 17734K, capacity 18122K, committed 18304K, reserved 1064960K
  class space    used 1779K, capacity 1903K, committed 1920K, reserved 1048576K
}
Event: 2.101 GC heap before
{Heap before GC invocations=27 (full 0):
 garbage-first heap   total 524288K, used 346256K [0x00000007a0000000, 0x00000007c0000000)
  region size 1024K, 215 young (220160K), 20 survivors (20480K)
 Metaspace       used 17734K, capacity 18122K, committed 18304K, reserved 1064960K
  class space    used 1779K, capacity 1903K, committed 1920K, reserved 1048576K
}
Event: 2.108 GC heap after
{Heap after GC invocations=28 (full 0):
 garbage-first heap   total 524288K, used 169720K [0x00000007a0000000, 0x00000007c0000000)
  region size 1024K, 21 young (21504K), 21 survivors (21504K)
 Metaspace       used 17734K, capacity 18122K, committed 18304K, reserved 1064960K
  class space    used 1779K, capacity 1903K, committed 1920K, reserved 1048576K
}
Event: 2.145 GC heap before
{Heap before GC invocations=28 (full 0):
 garbage-first heap   total 524288K, used 365304K [0x00000007a0000000, 0x00000007c0000000)
  region size 1024K, 213 young (218112K), 21 survivors (21504K)
 Metaspace       used 17734K, capacity 18122K, committed 18304K, reserved 1064960K
  class space    used 1779K, capacity 1903K, committed 1920K, reserved 1048576K
}
Event: 2.152 GC heap after
{Heap after GC invocations=29 (full 0):
 garbage-first heap   total 524288K, used 180224K [0x00000007a0000000, 0x00000007c0000000)
  region size 1024K, 11 young (11264K), 11 survivors (11264K)
 Metaspace       used 17734K, capacity 18122K, committed 18304K, reserved 1064960K
  class space    used 1779K, capacity 1903K, committed 1920K, reserved 1048576K
}
Event: 2.183 GC heap before
{Heap before GC invocations=29 (full 0):
 garbage-first heap   total 524288K, used 380928K [0x00000007a0000000, 0x00000007c0000000)
  region size 1024K, 209 young (214016K), 11 survivors (11264K)
 Metaspace       used 17734K, capacity 18122K, committed 18304K, reserved 1064960K
  class space    used 1779K, capacity 1903K, committed 1920K, reserved 1048576K
}
Event: 2.188 GC heap after
{Heap after GC invocations=30 (full 0):
 garbage-first heap   total 524288K, used 189681K [0x00000007a0000000, 0x00000007c0000000)
  region size 1024K, 21 young (21504K), 21 survivors (21504K)
 Metaspace       used 17734K, capacity 18122K, committed 18304K, reserved 1064960K
  class space    used 1779K, capacity 1903K, committed 1920K, reserved 1048576K
}

