# JRE version: OpenJDK Runtime Environment Homebrew (11.0.26) (build 11.0.26+0)
# Java VM: OpenJDK 64-Bit Server VM Homebrew (11.0.26+0, mixed mode, tiered, compressed oops, g1 gc, bsd-aarch64)
Heap:
 garbage-first heap   total 524288K, used 376832K [0x00000007a0000000, 0x00000007c0000000)
  region size 1024K, 269 young (275456K), 27 survivors (27648K)
 Metaspace       used 16420K, capacity 16836K, committed 17024K, reserved 1064960K
  class space    used 1698K, capacity 1861K, committed 1920K, reserved 1048576K
GC Heap History (18 events):
Event: 0.196 GC heap before
{Heap before GC invocations=0 (full 0):
 garbage-first heap   total 524288K, used 25600K [0x00000007a0000000, 0x00000007c0000000)
  region size 1024K, 25 young (25600K), 0 survivors (0K)
 Metaspace       used 11956K, capacity 12146K, committed 12416K, reserved 1060864K
  class space    used 1253K, capacity 1360K, committed 1408K, reserved 1048576K
}
Event: 0.199 GC heap after
{Heap after GC invocations=1 (full 0):
 garbage-first heap   total 524288K, used 10819K [0x00000007a0000000, 0x00000007c0000000)
  region size 1024K, 4 young (4096K), 4 survivors (4096K)
 Metaspace       used 11956K, capacity 12146K, committed 12416K, reserved 1060864K
  class space    used 1253K, capacity 1360K, committed 1408K, reserved 1048576K
}
Event: 0.276 GC heap before
{Heap before GC invocations=1 (full 0):
 garbage-first heap   total 524288K, used 32323K [0x00000007a0000000, 0x00000007c0000000)
  region size 1024K, 25 young (25600K), 4 survivors (4096K)
 Metaspace       used 14681K, capacity 15021K, committed 15360K, reserved 1062912K
  class space    used 1562K, capacity 1686K, committed 1792K, reserved 1048576K
}
Event: 0.277 GC heap after
{Heap after GC invocations=2 (full 0):
 garbage-first heap   total 524288K, used 11818K [0x00000007a0000000, 0x00000007c0000000)
  region size 1024K, 1 young (1024K), 1 survivors (1024K)
 Metaspace       used 14681K, capacity 15021K, committed 15360K, reserved 1062912K
  class space    used 1562K, capacity 1686K, committed 1792K, reserved 1048576K
}
Event: 0.517 GC heap before
{Heap before GC invocations=2 (full 0):
 garbage-first heap   total 524288K, used 49706K [0x00000007a0000000, 0x00000007c0000000)
  region size 1024K, 39 young (39936K), 1 survivors (1024K)
 Metaspace       used 15643K, capacity 16035K, committed 16128K, reserved 1062912K
  class space    used 1643K, capacity 1765K, committed 1792K, reserved 1048576K
}
Event: 0.519 GC heap after
{Heap after GC invocations=3 (full 0):
 garbage-first heap   total 524288K, used 19244K [0x00000007a0000000, 0x00000007c0000000)
  region size 1024K, 5 young (5120K), 5 survivors (5120K)
 Metaspace       used 15643K, capacity 16035K, committed 16128K, reserved 1062912K
  class space    used 1643K, capacity 1765K, committed 1792K, reserved 1048576K
}
Event: 0.642 GC heap before
{Heap before GC invocations=3 (full 0):
 garbage-first heap   total 524288K, used 72492K [0x00000007a0000000, 0x00000007c0000000)
  region size 1024K, 58 young (59392K), 5 survivors (5120K)
 Metaspace       used 15828K, capacity 16196K, committed 16512K, reserved 1064960K
  class space    used 1655K, capacity 1797K, committed 1920K, reserved 1048576K
}
Event: 0.646 GC heap after
{Heap after GC invocations=4 (full 0):
 garbage-first heap   total 524288K, used 30614K [0x00000007a0000000, 0x00000007c0000000)
  region size 1024K, 8 young (8192K), 8 survivors (8192K)
 Metaspace       used 15828K, capacity 16196K, committed 16512K, reserved 1064960K
  class space    used 1655K, capacity 1797K, committed 1920K, reserved 1048576K
}
Event: 0.736 GC heap before
{Heap before GC invocations=4 (full 0):
 garbage-first heap   total 524288K, used 108438K [0x00000007a0000000, 0x00000007c0000000)
  region size 1024K, 83 young (84992K), 8 survivors (8192K)
 Metaspace       used 16137K, capacity 16548K, committed 16768K, reserved 1064960K
  class space    used 1682K, capacity 1829K, committed 1920K, reserved 1048576K
}
Event: 0.754 GC heap after
{Heap after GC invocations=5 (full 0):
 garbage-first heap   total 524288K, used 48390K [0x00000007a0000000, 0x00000007c0000000)
  region size 1024K, 11 young (11264K), 11 survivors (11264K)
 Metaspace       used 16137K, capacity 16548K, committed 16768K, reserved 1064960K
  class space    used 1682K, capacity 1829K, committed 1920K, reserved 1048576K
}
Event: 0.814 GC heap before
{Heap before GC invocations=5 (full 0):
 garbage-first heap   total 524288K, used 138502K [0x00000007a0000000, 0x00000007c0000000)
  region size 1024K, 100 young (102400K), 11 survivors (11264K)
 Metaspace       used 16249K, capacity 16612K, committed 16768K, reserved 1064960K
  class space    used 1690K, capacity 1829K, committed 1920K, reserved 1048576K
}
Event: 0.818 GC heap after
{Heap after GC invocations=6 (full 0):
 garbage-first heap   total 524288K, used 57437K [0x00000007a0000000, 0x00000007c0000000)
  region size 1024K, 9 young (9216K), 9 survivors (9216K)
 Metaspace       used 16249K, capacity 16612K, committed 16768K, reserved 1064960K
  class space    used 1690K, capacity 1829K, committed 1920K, reserved 1048576K
}
Event: 0.855 GC heap before
{Heap before GC invocations=6 (full 0):
 garbage-first heap   total 524288K, used 183389K [0x00000007a0000000, 0x00000007c0000000)
  region size 1024K, 134 young (137216K), 9 survivors (9216K)
 Metaspace       used 16264K, capacity 16676K, committed 16768K, reserved 1064960K
  class space    used 1691K, capacity 1829K, committed 1920K, reserved 1048576K
}
Event: 0.859 GC heap after
{Heap after GC invocations=7 (full 0):
 garbage-first heap   total 524288K, used 70866K [0x00000007a0000000, 0x00000007c0000000)
  region size 1024K, 17 young (17408K), 17 survivors (17408K)
 Metaspace       used 16264K, capacity 16676K, committed 16768K, reserved 1064960K
  class space    used 1691K, capacity 1829K, committed 1920K, reserved 1048576K
}
Event: 0.939 GC heap before
{Heap before GC invocations=7 (full 0):
 garbage-first heap   total 524288K, used 344274K [0x00000007a0000000, 0x00000007c0000000)
  region size 1024K, 286 young (292864K), 17 survivors (17408K)
 Metaspace       used 16277K, capacity 16676K, committed 16768K, reserved 1064960K
  class space    used 1691K, capacity 1829K, committed 1920K, reserved 1048576K
}
Event: 0.948 GC heap after
{Heap after GC invocations=8 (full 0):
 garbage-first heap   total 524288K, used 101060K [0x00000007a0000000, 0x00000007c0000000)
  region size 1024K, 36 young (36864K), 36 survivors (36864K)
 Metaspace       used 16277K, capacity 16676K, committed 16768K, reserved 1064960K
  class space    used 1691K, capacity 1829K, committed 1920K, reserved 1048576K
}
Event: 1.026 GC heap before
{Heap before GC invocations=8 (full 0):
 garbage-first heap   total 524288K, used 358084K [0x00000007a0000000, 0x00000007c0000000)
  region size 1024K, 288 young (294912K), 36 survivors (36864K)
 Metaspace       used 16393K, capacity 16804K, committed 17024K, reserved 1064960K
  class space    used 1694K, capacity 1829K, committed 1920K, reserved 1048576K
}
Event: 1.036 GC heap after
{Heap after GC invocations=9 (full 0):
 garbage-first heap   total 524288K, used 130048K [0x00000007a0000000, 0x00000007c0000000)
  region size 1024K, 27 young (27648K), 27 survivors (27648K)
 Metaspace       used 16393K, capacity 16804K, committed 17024K, reserved 1064960K
  class space    used 1694K, capacity 1829K, committed 1920K, reserved 1048576K
}

